[0324/162208:ERROR:renderer_main.cc(226)] Running without renderer sandbox
[0324/162208:ERROR:renderer_main.cc(226)] Running without renderer sandbox
[0324/162209:INFO:dhcp_proxy_script_adapter_fetcher_win.cc(264)] Error fetching PAC URL from DHCP: 2
[0324/162209:INFO:dhcp_proxy_script_adapter_fetcher_win.cc(264)] Error fetching PAC URL from DHCP: 2
[0324/162210:INFO:CONSOLE(0)] "event.returnValue is deprecated. Please use the standard event.preventDefault() instead.", source:  (0)
[0324/162218:INFO:dhcp_proxy_script_adapter_fetcher_win.cc(264)] Error fetching PAC URL from DHCP: 2
[0324/162218:INFO:dhcp_proxy_script_adapter_fetcher_win.cc(264)] Error fetching PAC URL from DHCP: 2
[0324/162335:INFO:CONSOLE(1)] "ReferenceError: EdgeDOM is not defined
    at eval (eval at <anonymous> (about:blank:0:45), <anonymous>:1:7)
    at about:blank:0:45", source:  (1)
[0324/162337:ERROR:renderer_main.cc(226)] Running without renderer sandbox
[0324/162337:INFO:dhcp_proxy_script_adapter_fetcher_win.cc(264)] Error fetching PAC URL from DHCP: 2
[0324/162337:INFO:dhcp_proxy_script_adapter_fetcher_win.cc(264)] Error fetching PAC URL from DHCP: 2
[0324/162337:INFO:CONSOLE(126)] "EXX = TypeError: Cannot call method 'getStage' of undefined
    at Object.d.$$ (http://127.0.0.1:54321/_DRIVE_D_EVIRD_/Jorge/ElectricBoogaloo%20App/paginas/edge_includes/edge.authoring.5.0.1.min.js:53:52)
    at Object.EdgeDOM.queryElementStyles (http://127.0.0.1:54321/_DRIVE_D_EVIRD_/Jorge/ElectricBoogaloo%20App/paginas/edge_includes/edge.authoring.5.0.1.min.js:118:346)
    at Object.EdgeDOM.refreshCacheBatch (http://127.0.0.1:54321/_DRIVE_D_EVIRD_/Jorge/ElectricBoogaloo%20App/paginas/edge_includes/edge.authoring.5.0.1.min.js:117:444)
    at eval (eval at <anonymous> (unknown source), <anonymous>:1:21)
    at <anonymous>:0:59", source: http://127.0.0.1:54321/_DRIVE_D_EVIRD_/Jorge/ElectricBoogaloo%20App/paginas/edge_includes/edge.authoring.5.0.1.min.js (126)
[0324/162337:INFO:CONSOLE(1)] "TypeError: Cannot call method 'getStage' of undefined
    at Object.d.$$ (http://127.0.0.1:54321/_DRIVE_D_EVIRD_/Jorge/ElectricBoogaloo%20App/paginas/edge_includes/edge.authoring.5.0.1.min.js:53:52)
    at Object.EdgeDOM.queryElementAttributes (http://127.0.0.1:54321/_DRIVE_D_EVIRD_/Jorge/ElectricBoogaloo%20App/paginas/edge_includes/edge.authoring.5.0.1.min.js:126:216)
    at Object.EdgeDOM.refreshCacheBatch (http://127.0.0.1:54321/_DRIVE_D_EVIRD_/Jorge/ElectricBoogaloo%20App/paginas/edge_includes/edge.authoring.5.0.1.min.js:117:499)
    at eval (eval at <anonymous> (unknown source), <anonymous>:1:21)
    at <anonymous>:0:59", source:  (1)
[0324/162416:INFO:CONSOLE(1)] "ReferenceError: EdgeDOM is not defined
    at eval (eval at <anonymous> (about:blank:0:45), <anonymous>:1:7)
    at about:blank:0:45", source:  (1)
[0324/162419:ERROR:renderer_main.cc(226)] Running without renderer sandbox
[0324/162615:INFO:dhcp_proxy_script_adapter_fetcher_win.cc(264)] Error fetching PAC URL from DHCP: 2
[0324/162615:INFO:dhcp_proxy_script_adapter_fetcher_win.cc(264)] Error fetching PAC URL from DHCP: 2
[0324/162744:INFO:CONSOLE(1)] "ReferenceError: EdgeDOM is not defined
    at eval (eval at <anonymous> (about:blank:0:45), <anonymous>:1:7)
    at about:blank:0:47", source:  (1)
[0407/190256:ERROR:renderer_main.cc(226)] Running without renderer sandbox
[0407/190256:ERROR:renderer_main.cc(226)] Running without renderer sandbox
[0407/190256:ERROR:renderer_main.cc(226)] Running without renderer sandbox
[0407/190257:INFO:dhcp_proxy_script_adapter_fetcher_win.cc(264)] Error fetching PAC URL from DHCP: 2
[0407/190257:INFO:dhcp_proxy_script_adapter_fetcher_win.cc(264)] Error fetching PAC URL from DHCP: 2
[0407/190258:INFO:CONSOLE(0)] "event.returnValue is deprecated. Please use the standard event.preventDefault() instead.", source:  (0)
[0407/190306:INFO:dhcp_proxy_script_adapter_fetcher_win.cc(264)] Error fetching PAC URL from DHCP: 2
[0407/190306:INFO:dhcp_proxy_script_adapter_fetcher_win.cc(264)] Error fetching PAC URL from DHCP: 2
[0407/190630:INFO:dhcp_proxy_script_adapter_fetcher_win.cc(264)] Error fetching PAC URL from DHCP: 2
[0407/190630:INFO:dhcp_proxy_script_adapter_fetcher_win.cc(264)] Error fetching PAC URL from DHCP: 2
[0407/190630:ERROR:ipc_channel_win.cc(405)] pipe error: 232
