[0216/101101:WARNING:dns_config_service_win.cc(599)] Failed to read DnsConfig.
[0216/101103:INFO:dhcp_proxy_script_adapter_fetcher_win.cc(267)] Error fetching PAC URL from DHCP: 2
[0216/101103:INFO:dhcp_proxy_script_adapter_fetcher_win.cc(267)] Error fetching PAC URL from DHCP: 2
[0216/101106:WARNING:dns_config_service_win.cc(599)] Failed to read DnsConfig.
[0216/101111:INFO:dhcp_proxy_script_adapter_fetcher_win.cc(267)] Error fetching PAC URL from DHCP: 2
[0216/101111:INFO:dhcp_proxy_script_adapter_fetcher_win.cc(267)] Error fetching PAC URL from DHCP: 2
[0216/101111:WARNING:dns_config_service_win.cc(599)] Failed to read DnsConfig.
[0216/101116:WARNING:dns_config_service_win.cc(599)] Failed to read DnsConfig.
[0216/101121:WARNING:dns_config_service_win.cc(599)] Failed to read DnsConfig.
[0216/101126:WARNING:dns_config_service_win.cc(599)] Failed to read DnsConfig.
[0216/101131:WARNING:dns_config_service_win.cc(599)] Failed to read DnsConfig.
[0216/101136:WARNING:dns_config_service_win.cc(599)] Failed to read DnsConfig.
[0216/101141:WARNING:dns_config_service_win.cc(599)] Failed to read DnsConfig.
[0216/101146:WARNING:dns_config_service_win.cc(599)] Failed to read DnsConfig.
[0216/101151:WARNING:dns_config_service_win.cc(599)] Failed to read DnsConfig.
[0216/101156:WARNING:dns_config_service_win.cc(599)] Failed to read DnsConfig.
[0216/101201:WARNING:dns_config_service_win.cc(599)] Failed to read DnsConfig.
[0216/101206:WARNING:dns_config_service_win.cc(599)] Failed to read DnsConfig.
[0216/101211:WARNING:dns_config_service_win.cc(599)] Failed to read DnsConfig.
[0216/101216:WARNING:dns_config_service_win.cc(599)] Failed to read DnsConfig.
[0216/101221:WARNING:dns_config_service_win.cc(599)] Failed to read DnsConfig.
[0216/101226:WARNING:dns_config_service_win.cc(599)] Failed to read DnsConfig.
[0216/101231:WARNING:dns_config_service_win.cc(599)] Failed to read DnsConfig.
[0216/101236:WARNING:dns_config_service_win.cc(599)] Failed to read DnsConfig.
[0216/101241:WARNING:dns_config_service_win.cc(599)] Failed to read DnsConfig.
[0216/101246:WARNING:dns_config_service_win.cc(599)] Failed to read DnsConfig.
[0216/101251:WARNING:dns_config_service_win.cc(599)] Failed to read DnsConfig.
[0216/101256:WARNING:dns_config_service_win.cc(599)] Failed to read DnsConfig.
[0216/101301:WARNING:dns_config_service_win.cc(599)] Failed to read DnsConfig.
[0216/101306:WARNING:dns_config_service_win.cc(599)] Failed to read DnsConfig.
[0216/101311:WARNING:dns_config_service_win.cc(599)] Failed to read DnsConfig.
[0216/101316:WARNING:dns_config_service_win.cc(599)] Failed to read DnsConfig.
[0216/101321:WARNING:dns_config_service_win.cc(599)] Failed to read DnsConfig.
[0216/101326:WARNING:dns_config_service_win.cc(599)] Failed to read DnsConfig.
[0216/101331:WARNING:dns_config_service_win.cc(599)] Failed to read DnsConfig.
[0216/101336:WARNING:dns_config_service_win.cc(599)] Failed to read DnsConfig.
[0216/101341:WARNING:dns_config_service_win.cc(599)] Failed to read DnsConfig.
[0216/101346:WARNING:dns_config_service_win.cc(599)] Failed to read DnsConfig.
[0216/101351:WARNING:dns_config_service_win.cc(599)] Failed to read DnsConfig.
[0216/101356:WARNING:dns_config_service_win.cc(599)] Failed to read DnsConfig.
[0216/101401:WARNING:dns_config_service_win.cc(599)] Failed to read DnsConfig.
[0216/101406:WARNING:dns_config_service_win.cc(599)] Failed to read DnsConfig.
[0216/101411:WARNING:dns_config_service_win.cc(599)] Failed to read DnsConfig.
[0216/101416:WARNING:dns_config_service_win.cc(599)] Failed to read DnsConfig.
[0216/101421:WARNING:dns_config_service_win.cc(599)] Failed to read DnsConfig.
[0216/101426:WARNING:dns_config_service_win.cc(599)] Failed to read DnsConfig.
[0216/101431:WARNING:dns_config_service_win.cc(599)] Failed to read DnsConfig.
[0216/101436:WARNING:dns_config_service_win.cc(599)] Failed to read DnsConfig.
[0216/101441:WARNING:dns_config_service_win.cc(599)] Failed to read DnsConfig.
[0216/101446:WARNING:dns_config_service_win.cc(599)] Failed to read DnsConfig.
[0216/101451:WARNING:dns_config_service_win.cc(599)] Failed to read DnsConfig.
[0216/101456:WARNING:dns_config_service_win.cc(599)] Failed to read DnsConfig.
[0216/101501:WARNING:dns_config_service_win.cc(599)] Failed to read DnsConfig.
[0216/101506:WARNING:dns_config_service_win.cc(599)] Failed to read DnsConfig.
[0216/101511:WARNING:dns_config_service_win.cc(599)] Failed to read DnsConfig.
[0216/101516:WARNING:dns_config_service_win.cc(599)] Failed to read DnsConfig.
[0216/101521:WARNING:dns_config_service_win.cc(599)] Failed to read DnsConfig.
[0216/101526:WARNING:dns_config_service_win.cc(599)] Failed to read DnsConfig.
[0216/101531:WARNING:dns_config_service_win.cc(599)] Failed to read DnsConfig.
[0216/101536:WARNING:dns_config_service_win.cc(599)] Failed to read DnsConfig.
[0216/101541:WARNING:dns_config_service_win.cc(599)] Failed to read DnsConfig.
[0216/101546:WARNING:dns_config_service_win.cc(599)] Failed to read DnsConfig.
[0216/101551:WARNING:dns_config_service_win.cc(599)] Failed to read DnsConfig.
[0216/101556:WARNING:dns_config_service_win.cc(599)] Failed to read DnsConfig.
[0216/101601:WARNING:dns_config_service_win.cc(599)] Failed to read DnsConfig.
[0216/101606:WARNING:dns_config_service_win.cc(599)] Failed to read DnsConfig.
[0216/101611:WARNING:dns_config_service_win.cc(599)] Failed to read DnsConfig.
[0216/101616:WARNING:dns_config_service_win.cc(599)] Failed to read DnsConfig.
[0216/101621:WARNING:dns_config_service_win.cc(599)] Failed to read DnsConfig.
[0216/101626:WARNING:dns_config_service_win.cc(599)] Failed to read DnsConfig.
[0216/101632:WARNING:dns_config_service_win.cc(599)] Failed to read DnsConfig.
[0216/101637:WARNING:dns_config_service_win.cc(599)] Failed to read DnsConfig.
[0216/101642:WARNING:dns_config_service_win.cc(599)] Failed to read DnsConfig.
[0216/101647:WARNING:dns_config_service_win.cc(599)] Failed to read DnsConfig.
[0216/101652:WARNING:dns_config_service_win.cc(599)] Failed to read DnsConfig.
[0216/101657:WARNING:dns_config_service_win.cc(599)] Failed to read DnsConfig.
[0216/101702:WARNING:dns_config_service_win.cc(599)] Failed to read DnsConfig.
[0216/101707:WARNING:dns_config_service_win.cc(599)] Failed to read DnsConfig.
[0216/101711:INFO:dhcp_proxy_script_adapter_fetcher_win.cc(267)] Error fetching PAC URL from DHCP: 2
[0216/101711:INFO:dhcp_proxy_script_adapter_fetcher_win.cc(267)] Error fetching PAC URL from DHCP: 2
[0216/101712:WARNING:dns_config_service_win.cc(599)] Failed to read DnsConfig.
[0216/101717:WARNING:dns_config_service_win.cc(599)] Failed to read DnsConfig.
[0216/101722:WARNING:dns_config_service_win.cc(599)] Failed to read DnsConfig.
[0216/101727:WARNING:dns_config_service_win.cc(599)] Failed to read DnsConfig.
[0216/101732:WARNING:dns_config_service_win.cc(599)] Failed to read DnsConfig.
[0216/101737:WARNING:dns_config_service_win.cc(599)] Failed to read DnsConfig.
[0216/101742:WARNING:dns_config_service_win.cc(599)] Failed to read DnsConfig.
[0216/101747:WARNING:dns_config_service_win.cc(599)] Failed to read DnsConfig.
[0216/101752:WARNING:dns_config_service_win.cc(599)] Failed to read DnsConfig.
[0216/101757:WARNING:dns_config_service_win.cc(599)] Failed to read DnsConfig.
[0216/101802:WARNING:dns_config_service_win.cc(599)] Failed to read DnsConfig.
[0216/101807:WARNING:dns_config_service_win.cc(599)] Failed to read DnsConfig.
[0216/101812:WARNING:dns_config_service_win.cc(599)] Failed to read DnsConfig.
[0216/101817:WARNING:dns_config_service_win.cc(599)] Failed to read DnsConfig.
[0216/101822:WARNING:dns_config_service_win.cc(599)] Failed to read DnsConfig.
[0216/101827:WARNING:dns_config_service_win.cc(599)] Failed to read DnsConfig.
[0216/101832:WARNING:dns_config_service_win.cc(599)] Failed to read DnsConfig.
[0216/101837:WARNING:dns_config_service_win.cc(599)] Failed to read DnsConfig.
[0216/101842:WARNING:dns_config_service_win.cc(599)] Failed to read DnsConfig.
[0216/101847:WARNING:dns_config_service_win.cc(599)] Failed to read DnsConfig.
[0216/101852:WARNING:dns_config_service_win.cc(599)] Failed to read DnsConfig.
[0216/101857:WARNING:dns_config_service_win.cc(599)] Failed to read DnsConfig.
[0216/101902:WARNING:dns_config_service_win.cc(599)] Failed to read DnsConfig.
[0216/101907:WARNING:dns_config_service_win.cc(599)] Failed to read DnsConfig.
[0216/101912:WARNING:dns_config_service_win.cc(599)] Failed to read DnsConfig.
[0216/101917:WARNING:dns_config_service_win.cc(599)] Failed to read DnsConfig.
[0216/101922:WARNING:dns_config_service_win.cc(599)] Failed to read DnsConfig.
[0216/101927:WARNING:dns_config_service_win.cc(599)] Failed to read DnsConfig.
[0216/101928:INFO:dhcp_proxy_script_adapter_fetcher_win.cc(267)] Error fetching PAC URL from DHCP: 2
[0216/101928:INFO:dhcp_proxy_script_adapter_fetcher_win.cc(267)] Error fetching PAC URL from DHCP: 2
[0216/101932:WARNING:dns_config_service_win.cc(599)] Failed to read DnsConfig.
[0216/101937:WARNING:dns_config_service_win.cc(599)] Failed to read DnsConfig.
[0216/101942:WARNING:dns_config_service_win.cc(599)] Failed to read DnsConfig.
[0216/101947:WARNING:dns_config_service_win.cc(599)] Failed to read DnsConfig.
[0216/101952:WARNING:dns_config_service_win.cc(599)] Failed to read DnsConfig.
[0216/101957:WARNING:dns_config_service_win.cc(599)] Failed to read DnsConfig.
[0216/101957:INFO:CONSOLE(1)] "ReferenceError: EdgeDOM is not defined
    at eval (eval at <anonymous> (about:blank:0:45), <anonymous>:1:7)
    at about:blank:0:45", source:  (1)
[0216/101959:INFO:CONSOLE(0)] "ReferenceError: EdgeDOM is not defined
    at about:blank:0:7", source: about:blank (0)
[0216/102000:ERROR:gles2_cmd_decoder.cc(5484)] .SharedGraphicsContext: GL ERROR :GL_INVALID_VALUE : glTexParameteri: unknown texture
[0216/102002:WARNING:dns_config_service_win.cc(599)] Failed to read DnsConfig.
[0216/102007:WARNING:dns_config_service_win.cc(599)] Failed to read DnsConfig.
[0216/102012:WARNING:dns_config_service_win.cc(599)] Failed to read DnsConfig.
[0216/102017:WARNING:dns_config_service_win.cc(599)] Failed to read DnsConfig.
[0216/102022:WARNING:dns_config_service_win.cc(599)] Failed to read DnsConfig.
[0216/102027:WARNING:dns_config_service_win.cc(599)] Failed to read DnsConfig.
[0216/102032:WARNING:dns_config_service_win.cc(599)] Failed to read DnsConfig.
[0216/102037:WARNING:dns_config_service_win.cc(599)] Failed to read DnsConfig.
[0216/102042:WARNING:dns_config_service_win.cc(599)] Failed to read DnsConfig.
[0216/102047:WARNING:dns_config_service_win.cc(599)] Failed to read DnsConfig.
[0216/102052:WARNING:dns_config_service_win.cc(599)] Failed to read DnsConfig.
[0216/102057:WARNING:dns_config_service_win.cc(599)] Failed to read DnsConfig.
[0216/102102:WARNING:dns_config_service_win.cc(599)] Failed to read DnsConfig.
[0216/102107:WARNING:dns_config_service_win.cc(599)] Failed to read DnsConfig.
[0216/102112:WARNING:dns_config_service_win.cc(599)] Failed to read DnsConfig.
[0216/102116:INFO:CONSOLE(1)] "ReferenceError: EdgeDOM is not defined
    at eval (eval at <anonymous> (about:blank:0:45), <anonymous>:1:7)
    at about:blank:0:45", source:  (1)
[0216/102117:WARNING:dns_config_service_win.cc(599)] Failed to read DnsConfig.
[0216/102122:WARNING:dns_config_service_win.cc(599)] Failed to read DnsConfig.
[0216/102122:ERROR:gles2_cmd_decoder.cc(5484)] .SharedGraphicsContext: GL ERROR :GL_INVALID_VALUE : glTexParameteri: unknown texture
[0216/102127:WARNING:dns_config_service_win.cc(599)] Failed to read DnsConfig.
[0216/102132:WARNING:dns_config_service_win.cc(599)] Failed to read DnsConfig.
[0216/102137:WARNING:dns_config_service_win.cc(599)] Failed to read DnsConfig.
[0216/102142:WARNING:dns_config_service_win.cc(599)] Failed to read DnsConfig.
[0216/102147:WARNING:dns_config_service_win.cc(599)] Failed to read DnsConfig.
[0216/102152:WARNING:dns_config_service_win.cc(599)] Failed to read DnsConfig.
[0216/102157:WARNING:dns_config_service_win.cc(599)] Failed to read DnsConfig.
[0216/102202:WARNING:dns_config_service_win.cc(599)] Failed to read DnsConfig.
[0216/102207:WARNING:dns_config_service_win.cc(599)] Failed to read DnsConfig.
[0216/102212:WARNING:dns_config_service_win.cc(599)] Failed to read DnsConfig.
[0216/102217:WARNING:dns_config_service_win.cc(599)] Failed to read DnsConfig.
[0216/102222:WARNING:dns_config_service_win.cc(599)] Failed to read DnsConfig.
[0216/102227:WARNING:dns_config_service_win.cc(599)] Failed to read DnsConfig.
[0216/102232:WARNING:dns_config_service_win.cc(599)] Failed to read DnsConfig.
[0216/102237:WARNING:dns_config_service_win.cc(599)] Failed to read DnsConfig.
[0216/102242:WARNING:dns_config_service_win.cc(599)] Failed to read DnsConfig.
[0216/102247:WARNING:dns_config_service_win.cc(599)] Failed to read DnsConfig.
[0216/102252:WARNING:dns_config_service_win.cc(599)] Failed to read DnsConfig.
[0216/102257:WARNING:dns_config_service_win.cc(599)] Failed to read DnsConfig.
[0216/102302:WARNING:dns_config_service_win.cc(599)] Failed to read DnsConfig.
[0216/102307:WARNING:dns_config_service_win.cc(599)] Failed to read DnsConfig.
[0216/102312:WARNING:dns_config_service_win.cc(599)] Failed to read DnsConfig.
[0216/102317:WARNING:dns_config_service_win.cc(599)] Failed to read DnsConfig.
[0216/102322:WARNING:dns_config_service_win.cc(599)] Failed to read DnsConfig.
[0216/102327:WARNING:dns_config_service_win.cc(599)] Failed to read DnsConfig.
[0216/102332:WARNING:dns_config_service_win.cc(599)] Failed to read DnsConfig.
[0216/102337:WARNING:dns_config_service_win.cc(599)] Failed to read DnsConfig.
[0216/102342:WARNING:dns_config_service_win.cc(599)] Failed to read DnsConfig.
[0216/102347:WARNING:dns_config_service_win.cc(599)] Failed to read DnsConfig.
[0216/102352:WARNING:dns_config_service_win.cc(599)] Failed to read DnsConfig.
[0216/102357:WARNING:dns_config_service_win.cc(599)] Failed to read DnsConfig.
[0216/102402:WARNING:dns_config_service_win.cc(599)] Failed to read DnsConfig.
[0216/102407:WARNING:dns_config_service_win.cc(599)] Failed to read DnsConfig.
[0216/102412:WARNING:dns_config_service_win.cc(599)] Failed to read DnsConfig.
[0216/102417:WARNING:dns_config_service_win.cc(599)] Failed to read DnsConfig.
[0216/102422:WARNING:dns_config_service_win.cc(599)] Failed to read DnsConfig.
[0216/102427:WARNING:dns_config_service_win.cc(599)] Failed to read DnsConfig.
[0216/102432:WARNING:dns_config_service_win.cc(599)] Failed to read DnsConfig.
[0216/102437:WARNING:dns_config_service_win.cc(599)] Failed to read DnsConfig.
[0216/102442:WARNING:dns_config_service_win.cc(599)] Failed to read DnsConfig.
[0216/102447:WARNING:dns_config_service_win.cc(599)] Failed to read DnsConfig.
[0216/102452:WARNING:dns_config_service_win.cc(599)] Failed to read DnsConfig.
[0216/102457:WARNING:dns_config_service_win.cc(599)] Failed to read DnsConfig.
[0216/102502:WARNING:dns_config_service_win.cc(599)] Failed to read DnsConfig.
[0216/102507:WARNING:dns_config_service_win.cc(599)] Failed to read DnsConfig.
[0216/102512:WARNING:dns_config_service_win.cc(599)] Failed to read DnsConfig.
[0216/102517:WARNING:dns_config_service_win.cc(599)] Failed to read DnsConfig.
[0216/102522:WARNING:dns_config_service_win.cc(599)] Failed to read DnsConfig.
[0216/102527:WARNING:dns_config_service_win.cc(599)] Failed to read DnsConfig.
[0216/102532:WARNING:dns_config_service_win.cc(599)] Failed to read DnsConfig.
[0216/102537:WARNING:dns_config_service_win.cc(599)] Failed to read DnsConfig.
[0216/102542:WARNING:dns_config_service_win.cc(599)] Failed to read DnsConfig.
[0216/102547:WARNING:dns_config_service_win.cc(599)] Failed to read DnsConfig.
[0216/102552:WARNING:dns_config_service_win.cc(599)] Failed to read DnsConfig.
[0216/102557:WARNING:dns_config_service_win.cc(599)] Failed to read DnsConfig.
[0216/102602:WARNING:dns_config_service_win.cc(599)] Failed to read DnsConfig.
[0216/102607:WARNING:dns_config_service_win.cc(599)] Failed to read DnsConfig.
[0216/102612:WARNING:dns_config_service_win.cc(599)] Failed to read DnsConfig.
[0216/102617:WARNING:dns_config_service_win.cc(599)] Failed to read DnsConfig.
[0216/102622:WARNING:dns_config_service_win.cc(599)] Failed to read DnsConfig.
[0216/102627:WARNING:dns_config_service_win.cc(599)] Failed to read DnsConfig.
[0216/102632:WARNING:dns_config_service_win.cc(599)] Failed to read DnsConfig.
[0216/102637:WARNING:dns_config_service_win.cc(599)] Failed to read DnsConfig.
[0216/102642:WARNING:dns_config_service_win.cc(599)] Failed to read DnsConfig.
[0216/102647:WARNING:dns_config_service_win.cc(599)] Failed to read DnsConfig.
[0216/102652:WARNING:dns_config_service_win.cc(599)] Failed to read DnsConfig.
[0216/102657:WARNING:dns_config_service_win.cc(599)] Failed to read DnsConfig.
[0216/102702:WARNING:dns_config_service_win.cc(599)] Failed to read DnsConfig.
[0216/102707:WARNING:dns_config_service_win.cc(599)] Failed to read DnsConfig.
[0216/102712:WARNING:dns_config_service_win.cc(599)] Failed to read DnsConfig.
[0216/102717:WARNING:dns_config_service_win.cc(599)] Failed to read DnsConfig.
[0216/102722:WARNING:dns_config_service_win.cc(599)] Failed to read DnsConfig.
[0216/102727:WARNING:dns_config_service_win.cc(599)] Failed to read DnsConfig.
[0216/102732:WARNING:dns_config_service_win.cc(599)] Failed to read DnsConfig.
[0216/102737:WARNING:dns_config_service_win.cc(599)] Failed to read DnsConfig.
[0216/102742:WARNING:dns_config_service_win.cc(599)] Failed to read DnsConfig.
[0216/102747:WARNING:dns_config_service_win.cc(599)] Failed to read DnsConfig.
[0216/102752:WARNING:dns_config_service_win.cc(599)] Failed to read DnsConfig.
[0216/102757:WARNING:dns_config_service_win.cc(599)] Failed to read DnsConfig.
[0216/102802:WARNING:dns_config_service_win.cc(599)] Failed to read DnsConfig.
[0216/102807:WARNING:dns_config_service_win.cc(599)] Failed to read DnsConfig.
[0216/102812:WARNING:dns_config_service_win.cc(599)] Failed to read DnsConfig.
[0216/102817:WARNING:dns_config_service_win.cc(599)] Failed to read DnsConfig.
[0216/102822:WARNING:dns_config_service_win.cc(599)] Failed to read DnsConfig.
[0216/102827:WARNING:dns_config_service_win.cc(599)] Failed to read DnsConfig.
[0216/102832:WARNING:dns_config_service_win.cc(599)] Failed to read DnsConfig.
[0216/102837:WARNING:dns_config_service_win.cc(599)] Failed to read DnsConfig.
[0216/102842:WARNING:dns_config_service_win.cc(599)] Failed to read DnsConfig.
[0216/102847:WARNING:dns_config_service_win.cc(599)] Failed to read DnsConfig.
[0216/102852:WARNING:dns_config_service_win.cc(599)] Failed to read DnsConfig.
[0216/102857:WARNING:dns_config_service_win.cc(599)] Failed to read DnsConfig.
[0216/102902:WARNING:dns_config_service_win.cc(599)] Failed to read DnsConfig.
[0216/102907:WARNING:dns_config_service_win.cc(599)] Failed to read DnsConfig.
[0216/102912:WARNING:dns_config_service_win.cc(599)] Failed to read DnsConfig.
[0216/102917:WARNING:dns_config_service_win.cc(599)] Failed to read DnsConfig.
[0216/102922:WARNING:dns_config_service_win.cc(599)] Failed to read DnsConfig.
[0216/102927:WARNING:dns_config_service_win.cc(599)] Failed to read DnsConfig.
[0216/102932:WARNING:dns_config_service_win.cc(599)] Failed to read DnsConfig.
[0216/102937:WARNING:dns_config_service_win.cc(599)] Failed to read DnsConfig.
[0216/102942:WARNING:dns_config_service_win.cc(599)] Failed to read DnsConfig.
[0216/102947:WARNING:dns_config_service_win.cc(599)] Failed to read DnsConfig.
[0216/102952:WARNING:dns_config_service_win.cc(599)] Failed to read DnsConfig.
[0216/102957:WARNING:dns_config_service_win.cc(599)] Failed to read DnsConfig.
[0216/103002:WARNING:dns_config_service_win.cc(599)] Failed to read DnsConfig.
[0216/103007:WARNING:dns_config_service_win.cc(599)] Failed to read DnsConfig.
[0216/103012:WARNING:dns_config_service_win.cc(599)] Failed to read DnsConfig.
[0216/103017:WARNING:dns_config_service_win.cc(599)] Failed to read DnsConfig.
[0216/103022:WARNING:dns_config_service_win.cc(599)] Failed to read DnsConfig.
[0216/103027:WARNING:dns_config_service_win.cc(599)] Failed to read DnsConfig.
[0216/103032:WARNING:dns_config_service_win.cc(599)] Failed to read DnsConfig.
[0216/103037:WARNING:dns_config_service_win.cc(599)] Failed to read DnsConfig.
[0216/103042:WARNING:dns_config_service_win.cc(599)] Failed to read DnsConfig.
[0216/103047:WARNING:dns_config_service_win.cc(599)] Failed to read DnsConfig.
[0216/103052:WARNING:dns_config_service_win.cc(599)] Failed to read DnsConfig.
[0216/103056:INFO:CONSOLE(1)] "ReferenceError: EdgeDOM is not defined
    at eval (eval at <anonymous> (about:blank:0:45), <anonymous>:1:7)
    at about:blank:0:47", source:  (1)
[0216/103057:WARNING:dns_config_service_win.cc(599)] Failed to read DnsConfig.
[0216/103059:INFO:CONSOLE(0)] "ReferenceError: EdgeDOM is not defined
    at about:blank:0:7", source: about:blank (0)
[0216/103102:WARNING:dns_config_service_win.cc(599)] Failed to read DnsConfig.
[0216/103107:WARNING:dns_config_service_win.cc(599)] Failed to read DnsConfig.
[0216/103112:WARNING:dns_config_service_win.cc(599)] Failed to read DnsConfig.
[0216/103117:WARNING:dns_config_service_win.cc(599)] Failed to read DnsConfig.
[0216/103122:WARNING:dns_config_service_win.cc(599)] Failed to read DnsConfig.
[0216/103127:WARNING:dns_config_service_win.cc(599)] Failed to read DnsConfig.
[0216/103132:WARNING:dns_config_service_win.cc(599)] Failed to read DnsConfig.
[0216/103137:WARNING:dns_config_service_win.cc(599)] Failed to read DnsConfig.
[0216/103142:WARNING:dns_config_service_win.cc(599)] Failed to read DnsConfig.
[0216/103147:WARNING:dns_config_service_win.cc(599)] Failed to read DnsConfig.
[0216/103152:WARNING:dns_config_service_win.cc(599)] Failed to read DnsConfig.
[0216/103157:WARNING:dns_config_service_win.cc(599)] Failed to read DnsConfig.
[0216/103202:WARNING:dns_config_service_win.cc(599)] Failed to read DnsConfig.
[0216/103207:WARNING:dns_config_service_win.cc(599)] Failed to read DnsConfig.
[0216/103212:WARNING:dns_config_service_win.cc(599)] Failed to read DnsConfig.
[0216/103217:WARNING:dns_config_service_win.cc(599)] Failed to read DnsConfig.
[0216/103222:WARNING:dns_config_service_win.cc(599)] Failed to read DnsConfig.
[0216/103227:WARNING:dns_config_service_win.cc(599)] Failed to read DnsConfig.
[0216/103232:WARNING:dns_config_service_win.cc(599)] Failed to read DnsConfig.
[0216/103237:WARNING:dns_config_service_win.cc(599)] Failed to read DnsConfig.
[0216/103242:WARNING:dns_config_service_win.cc(599)] Failed to read DnsConfig.
[0216/103247:WARNING:dns_config_service_win.cc(599)] Failed to read DnsConfig.
[0216/103252:WARNING:dns_config_service_win.cc(599)] Failed to read DnsConfig.
[0216/103257:WARNING:dns_config_service_win.cc(599)] Failed to read DnsConfig.
[0216/103302:WARNING:dns_config_service_win.cc(599)] Failed to read DnsConfig.
[0216/103307:WARNING:dns_config_service_win.cc(599)] Failed to read DnsConfig.
[0216/103312:WARNING:dns_config_service_win.cc(599)] Failed to read DnsConfig.
[0216/103317:WARNING:dns_config_service_win.cc(599)] Failed to read DnsConfig.
[0216/103322:WARNING:dns_config_service_win.cc(599)] Failed to read DnsConfig.
[0216/103327:WARNING:dns_config_service_win.cc(599)] Failed to read DnsConfig.
[0216/103332:WARNING:dns_config_service_win.cc(599)] Failed to read DnsConfig.
[0216/103337:WARNING:dns_config_service_win.cc(599)] Failed to read DnsConfig.
[0216/103342:WARNING:dns_config_service_win.cc(599)] Failed to read DnsConfig.
[0216/103347:WARNING:dns_config_service_win.cc(599)] Failed to read DnsConfig.
[0216/103352:WARNING:dns_config_service_win.cc(599)] Failed to read DnsConfig.
[0216/103357:WARNING:dns_config_service_win.cc(599)] Failed to read DnsConfig.
[0216/103402:WARNING:dns_config_service_win.cc(599)] Failed to read DnsConfig.
[0216/103407:WARNING:dns_config_service_win.cc(599)] Failed to read DnsConfig.
[0216/103412:WARNING:dns_config_service_win.cc(599)] Failed to read DnsConfig.
[0216/103417:WARNING:dns_config_service_win.cc(599)] Failed to read DnsConfig.
[0216/103422:WARNING:dns_config_service_win.cc(599)] Failed to read DnsConfig.
[0216/103427:WARNING:dns_config_service_win.cc(599)] Failed to read DnsConfig.
[0216/103432:WARNING:dns_config_service_win.cc(599)] Failed to read DnsConfig.
[0216/103437:WARNING:dns_config_service_win.cc(599)] Failed to read DnsConfig.
[0216/103442:WARNING:dns_config_service_win.cc(599)] Failed to read DnsConfig.
[0216/103447:WARNING:dns_config_service_win.cc(599)] Failed to read DnsConfig.
[0216/103452:WARNING:dns_config_service_win.cc(599)] Failed to read DnsConfig.
[0216/103457:WARNING:dns_config_service_win.cc(599)] Failed to read DnsConfig.
[0216/103502:WARNING:dns_config_service_win.cc(599)] Failed to read DnsConfig.
[0216/103507:WARNING:dns_config_service_win.cc(599)] Failed to read DnsConfig.
[0216/103512:WARNING:dns_config_service_win.cc(599)] Failed to read DnsConfig.
[0216/103517:WARNING:dns_config_service_win.cc(599)] Failed to read DnsConfig.
[0216/103522:WARNING:dns_config_service_win.cc(599)] Failed to read DnsConfig.
[0216/103527:WARNING:dns_config_service_win.cc(599)] Failed to read DnsConfig.
[0216/103532:WARNING:dns_config_service_win.cc(599)] Failed to read DnsConfig.
[0216/103537:WARNING:dns_config_service_win.cc(599)] Failed to read DnsConfig.
[0216/103542:WARNING:dns_config_service_win.cc(599)] Failed to read DnsConfig.
[0216/103547:WARNING:dns_config_service_win.cc(599)] Failed to read DnsConfig.
[0216/103552:WARNING:dns_config_service_win.cc(599)] Failed to read DnsConfig.
[0216/103557:WARNING:dns_config_service_win.cc(599)] Failed to read DnsConfig.
[0216/103602:WARNING:dns_config_service_win.cc(599)] Failed to read DnsConfig.
[0216/103607:WARNING:dns_config_service_win.cc(599)] Failed to read DnsConfig.
[0216/103612:WARNING:dns_config_service_win.cc(599)] Failed to read DnsConfig.
[0216/103617:WARNING:dns_config_service_win.cc(599)] Failed to read DnsConfig.
[0216/103622:WARNING:dns_config_service_win.cc(599)] Failed to read DnsConfig.
[0216/103627:WARNING:dns_config_service_win.cc(599)] Failed to read DnsConfig.
[0216/103632:WARNING:dns_config_service_win.cc(599)] Failed to read DnsConfig.
[0216/103637:WARNING:dns_config_service_win.cc(599)] Failed to read DnsConfig.
[0216/103642:WARNING:dns_config_service_win.cc(599)] Failed to read DnsConfig.
[0216/103647:WARNING:dns_config_service_win.cc(599)] Failed to read DnsConfig.
[0216/103652:WARNING:dns_config_service_win.cc(599)] Failed to read DnsConfig.
[0216/103657:WARNING:dns_config_service_win.cc(599)] Failed to read DnsConfig.
[0216/103702:WARNING:dns_config_service_win.cc(599)] Failed to read DnsConfig.
[0216/103707:WARNING:dns_config_service_win.cc(599)] Failed to read DnsConfig.
[0216/103712:WARNING:dns_config_service_win.cc(599)] Failed to read DnsConfig.
[0216/103717:WARNING:dns_config_service_win.cc(599)] Failed to read DnsConfig.
[0216/103722:WARNING:dns_config_service_win.cc(599)] Failed to read DnsConfig.
[0216/103727:WARNING:dns_config_service_win.cc(599)] Failed to read DnsConfig.
[0216/103732:WARNING:dns_config_service_win.cc(599)] Failed to read DnsConfig.
[0216/103737:WARNING:dns_config_service_win.cc(599)] Failed to read DnsConfig.
[0216/103742:WARNING:dns_config_service_win.cc(599)] Failed to read DnsConfig.
[0216/103747:WARNING:dns_config_service_win.cc(599)] Failed to read DnsConfig.
[0216/103752:WARNING:dns_config_service_win.cc(599)] Failed to read DnsConfig.
[0216/103757:WARNING:dns_config_service_win.cc(599)] Failed to read DnsConfig.
[0216/103802:WARNING:dns_config_service_win.cc(599)] Failed to read DnsConfig.
[0216/103807:WARNING:dns_config_service_win.cc(599)] Failed to read DnsConfig.
[0216/103812:WARNING:dns_config_service_win.cc(599)] Failed to read DnsConfig.
[0216/103817:WARNING:dns_config_service_win.cc(599)] Failed to read DnsConfig.
[0216/103822:WARNING:dns_config_service_win.cc(599)] Failed to read DnsConfig.
[0216/103827:WARNING:dns_config_service_win.cc(599)] Failed to read DnsConfig.
[0216/103832:WARNING:dns_config_service_win.cc(599)] Failed to read DnsConfig.
[0216/103837:WARNING:dns_config_service_win.cc(599)] Failed to read DnsConfig.
[0216/103842:WARNING:dns_config_service_win.cc(599)] Failed to read DnsConfig.
[0216/103847:WARNING:dns_config_service_win.cc(599)] Failed to read DnsConfig.
[0216/103852:WARNING:dns_config_service_win.cc(599)] Failed to read DnsConfig.
[0216/103857:WARNING:dns_config_service_win.cc(599)] Failed to read DnsConfig.
[0216/103902:WARNING:dns_config_service_win.cc(599)] Failed to read DnsConfig.
[0216/103907:WARNING:dns_config_service_win.cc(599)] Failed to read DnsConfig.
[0216/103912:WARNING:dns_config_service_win.cc(599)] Failed to read DnsConfig.
[0216/103917:WARNING:dns_config_service_win.cc(599)] Failed to read DnsConfig.
[0216/103922:WARNING:dns_config_service_win.cc(599)] Failed to read DnsConfig.
[0216/103927:WARNING:dns_config_service_win.cc(599)] Failed to read DnsConfig.
[0216/103932:WARNING:dns_config_service_win.cc(599)] Failed to read DnsConfig.
[0216/103937:WARNING:dns_config_service_win.cc(599)] Failed to read DnsConfig.
[0216/103942:WARNING:dns_config_service_win.cc(599)] Failed to read DnsConfig.
[0216/103947:WARNING:dns_config_service_win.cc(599)] Failed to read DnsConfig.
[0216/103952:WARNING:dns_config_service_win.cc(599)] Failed to read DnsConfig.
[0216/103957:WARNING:dns_config_service_win.cc(599)] Failed to read DnsConfig.
[0216/104002:WARNING:dns_config_service_win.cc(599)] Failed to read DnsConfig.
[0216/104007:WARNING:dns_config_service_win.cc(599)] Failed to read DnsConfig.
[0216/104012:WARNING:dns_config_service_win.cc(599)] Failed to read DnsConfig.
[0216/104017:WARNING:dns_config_service_win.cc(599)] Failed to read DnsConfig.
[0216/104022:WARNING:dns_config_service_win.cc(599)] Failed to read DnsConfig.
[0216/104027:WARNING:dns_config_service_win.cc(599)] Failed to read DnsConfig.
[0216/104032:WARNING:dns_config_service_win.cc(599)] Failed to read DnsConfig.
[0216/104037:WARNING:dns_config_service_win.cc(599)] Failed to read DnsConfig.
[0216/104042:WARNING:dns_config_service_win.cc(599)] Failed to read DnsConfig.
[0216/104047:WARNING:dns_config_service_win.cc(599)] Failed to read DnsConfig.
[0216/104052:WARNING:dns_config_service_win.cc(599)] Failed to read DnsConfig.
[0216/104057:WARNING:dns_config_service_win.cc(599)] Failed to read DnsConfig.
[0216/104102:WARNING:dns_config_service_win.cc(599)] Failed to read DnsConfig.
[0216/104107:WARNING:dns_config_service_win.cc(599)] Failed to read DnsConfig.
[0216/104112:WARNING:dns_config_service_win.cc(599)] Failed to read DnsConfig.
[0216/104117:WARNING:dns_config_service_win.cc(599)] Failed to read DnsConfig.
[0216/104122:WARNING:dns_config_service_win.cc(599)] Failed to read DnsConfig.
[0216/104127:WARNING:dns_config_service_win.cc(599)] Failed to read DnsConfig.
[0216/104132:WARNING:dns_config_service_win.cc(599)] Failed to read DnsConfig.
[0216/104137:WARNING:dns_config_service_win.cc(599)] Failed to read DnsConfig.
[0216/104142:WARNING:dns_config_service_win.cc(599)] Failed to read DnsConfig.
[0216/104147:WARNING:dns_config_service_win.cc(599)] Failed to read DnsConfig.
[0216/104152:WARNING:dns_config_service_win.cc(599)] Failed to read DnsConfig.
[0216/104157:WARNING:dns_config_service_win.cc(599)] Failed to read DnsConfig.
[0216/104202:WARNING:dns_config_service_win.cc(599)] Failed to read DnsConfig.
[0216/104207:WARNING:dns_config_service_win.cc(599)] Failed to read DnsConfig.
[0216/104212:WARNING:dns_config_service_win.cc(599)] Failed to read DnsConfig.
[0216/104217:WARNING:dns_config_service_win.cc(599)] Failed to read DnsConfig.
[0216/104222:WARNING:dns_config_service_win.cc(599)] Failed to read DnsConfig.
[0216/104227:WARNING:dns_config_service_win.cc(599)] Failed to read DnsConfig.
[0216/104232:WARNING:dns_config_service_win.cc(599)] Failed to read DnsConfig.
[0216/104237:WARNING:dns_config_service_win.cc(599)] Failed to read DnsConfig.
[0216/104242:WARNING:dns_config_service_win.cc(599)] Failed to read DnsConfig.
[0216/104247:WARNING:dns_config_service_win.cc(599)] Failed to read DnsConfig.
[0216/104252:WARNING:dns_config_service_win.cc(599)] Failed to read DnsConfig.
[0216/104257:WARNING:dns_config_service_win.cc(599)] Failed to read DnsConfig.
[0216/104302:WARNING:dns_config_service_win.cc(599)] Failed to read DnsConfig.
[0216/104307:WARNING:dns_config_service_win.cc(599)] Failed to read DnsConfig.
[0216/104312:WARNING:dns_config_service_win.cc(599)] Failed to read DnsConfig.
[0216/104317:WARNING:dns_config_service_win.cc(599)] Failed to read DnsConfig.
[0216/104322:WARNING:dns_config_service_win.cc(599)] Failed to read DnsConfig.
[0216/104327:WARNING:dns_config_service_win.cc(599)] Failed to read DnsConfig.
[0216/104332:WARNING:dns_config_service_win.cc(599)] Failed to read DnsConfig.
[0216/104337:WARNING:dns_config_service_win.cc(599)] Failed to read DnsConfig.
[0216/104342:WARNING:dns_config_service_win.cc(599)] Failed to read DnsConfig.
[0216/104347:WARNING:dns_config_service_win.cc(599)] Failed to read DnsConfig.
[0216/104352:WARNING:dns_config_service_win.cc(599)] Failed to read DnsConfig.
[0216/104357:WARNING:dns_config_service_win.cc(599)] Failed to read DnsConfig.
[0216/104402:WARNING:dns_config_service_win.cc(599)] Failed to read DnsConfig.
[0216/104407:WARNING:dns_config_service_win.cc(599)] Failed to read DnsConfig.
[0216/104412:WARNING:dns_config_service_win.cc(599)] Failed to read DnsConfig.
[0216/104417:WARNING:dns_config_service_win.cc(599)] Failed to read DnsConfig.
[0216/104422:WARNING:dns_config_service_win.cc(599)] Failed to read DnsConfig.
[0216/104427:WARNING:dns_config_service_win.cc(599)] Failed to read DnsConfig.
[0216/104432:WARNING:dns_config_service_win.cc(599)] Failed to read DnsConfig.
[0216/104437:WARNING:dns_config_service_win.cc(599)] Failed to read DnsConfig.
[0216/104442:WARNING:dns_config_service_win.cc(599)] Failed to read DnsConfig.
[0216/104447:WARNING:dns_config_service_win.cc(599)] Failed to read DnsConfig.
[0216/104452:WARNING:dns_config_service_win.cc(599)] Failed to read DnsConfig.
[0216/104457:WARNING:dns_config_service_win.cc(599)] Failed to read DnsConfig.
[0216/104502:WARNING:dns_config_service_win.cc(599)] Failed to read DnsConfig.
[0216/104507:WARNING:dns_config_service_win.cc(599)] Failed to read DnsConfig.
[0216/104512:WARNING:dns_config_service_win.cc(599)] Failed to read DnsConfig.
[0216/104517:WARNING:dns_config_service_win.cc(599)] Failed to read DnsConfig.
[0216/104522:WARNING:dns_config_service_win.cc(599)] Failed to read DnsConfig.
[0216/104527:WARNING:dns_config_service_win.cc(599)] Failed to read DnsConfig.
[0216/104532:WARNING:dns_config_service_win.cc(599)] Failed to read DnsConfig.
[0216/104537:WARNING:dns_config_service_win.cc(599)] Failed to read DnsConfig.
[0216/104542:WARNING:dns_config_service_win.cc(599)] Failed to read DnsConfig.
[0216/104547:WARNING:dns_config_service_win.cc(599)] Failed to read DnsConfig.
[0216/104552:WARNING:dns_config_service_win.cc(599)] Failed to read DnsConfig.
[0216/104557:WARNING:dns_config_service_win.cc(599)] Failed to read DnsConfig.
[0216/104602:WARNING:dns_config_service_win.cc(599)] Failed to read DnsConfig.
[0216/104607:WARNING:dns_config_service_win.cc(599)] Failed to read DnsConfig.
[0216/104612:WARNING:dns_config_service_win.cc(599)] Failed to read DnsConfig.
[0216/104617:WARNING:dns_config_service_win.cc(599)] Failed to read DnsConfig.
[0216/104622:WARNING:dns_config_service_win.cc(599)] Failed to read DnsConfig.
[0216/104627:WARNING:dns_config_service_win.cc(599)] Failed to read DnsConfig.
[0216/104632:WARNING:dns_config_service_win.cc(599)] Failed to read DnsConfig.
[0216/104637:WARNING:dns_config_service_win.cc(599)] Failed to read DnsConfig.
[0216/104642:WARNING:dns_config_service_win.cc(599)] Failed to read DnsConfig.
[0216/104647:WARNING:dns_config_service_win.cc(599)] Failed to read DnsConfig.
[0216/104652:WARNING:dns_config_service_win.cc(599)] Failed to read DnsConfig.
[0216/104657:WARNING:dns_config_service_win.cc(599)] Failed to read DnsConfig.
[0216/104702:WARNING:dns_config_service_win.cc(599)] Failed to read DnsConfig.
[0216/104707:WARNING:dns_config_service_win.cc(599)] Failed to read DnsConfig.
[0216/104712:WARNING:dns_config_service_win.cc(599)] Failed to read DnsConfig.
[0216/104717:WARNING:dns_config_service_win.cc(599)] Failed to read DnsConfig.
[0216/104722:WARNING:dns_config_service_win.cc(599)] Failed to read DnsConfig.
[0216/104727:WARNING:dns_config_service_win.cc(599)] Failed to read DnsConfig.
[0216/104732:WARNING:dns_config_service_win.cc(599)] Failed to read DnsConfig.
[0216/104737:WARNING:dns_config_service_win.cc(599)] Failed to read DnsConfig.
[0216/104742:WARNING:dns_config_service_win.cc(599)] Failed to read DnsConfig.
[0216/104747:WARNING:dns_config_service_win.cc(599)] Failed to read DnsConfig.
[0216/104752:WARNING:dns_config_service_win.cc(599)] Failed to read DnsConfig.
[0216/104757:WARNING:dns_config_service_win.cc(599)] Failed to read DnsConfig.
[0216/104802:WARNING:dns_config_service_win.cc(599)] Failed to read DnsConfig.
[0216/104807:WARNING:dns_config_service_win.cc(599)] Failed to read DnsConfig.
[0216/104812:WARNING:dns_config_service_win.cc(599)] Failed to read DnsConfig.
[0216/104817:WARNING:dns_config_service_win.cc(599)] Failed to read DnsConfig.
[0216/104822:WARNING:dns_config_service_win.cc(599)] Failed to read DnsConfig.
[0216/104827:WARNING:dns_config_service_win.cc(599)] Failed to read DnsConfig.
[0216/104832:WARNING:dns_config_service_win.cc(599)] Failed to read DnsConfig.
[0216/104837:WARNING:dns_config_service_win.cc(599)] Failed to read DnsConfig.
[0216/104842:WARNING:dns_config_service_win.cc(599)] Failed to read DnsConfig.
[0216/104847:WARNING:dns_config_service_win.cc(599)] Failed to read DnsConfig.
[0216/104852:WARNING:dns_config_service_win.cc(599)] Failed to read DnsConfig.
[0216/104857:WARNING:dns_config_service_win.cc(599)] Failed to read DnsConfig.
[0216/104902:WARNING:dns_config_service_win.cc(599)] Failed to read DnsConfig.
[0216/104907:WARNING:dns_config_service_win.cc(599)] Failed to read DnsConfig.
[0216/104912:WARNING:dns_config_service_win.cc(599)] Failed to read DnsConfig.
[0216/104917:WARNING:dns_config_service_win.cc(599)] Failed to read DnsConfig.
[0216/104922:WARNING:dns_config_service_win.cc(599)] Failed to read DnsConfig.
[0216/104927:WARNING:dns_config_service_win.cc(599)] Failed to read DnsConfig.
[0216/104932:WARNING:dns_config_service_win.cc(599)] Failed to read DnsConfig.
[0216/104937:WARNING:dns_config_service_win.cc(599)] Failed to read DnsConfig.
[0216/104942:WARNING:dns_config_service_win.cc(599)] Failed to read DnsConfig.
[0216/104947:WARNING:dns_config_service_win.cc(599)] Failed to read DnsConfig.
[0216/104952:WARNING:dns_config_service_win.cc(599)] Failed to read DnsConfig.
[0216/104957:WARNING:dns_config_service_win.cc(599)] Failed to read DnsConfig.
[0216/105002:WARNING:dns_config_service_win.cc(599)] Failed to read DnsConfig.
[0216/105007:WARNING:dns_config_service_win.cc(599)] Failed to read DnsConfig.
[0216/105012:WARNING:dns_config_service_win.cc(599)] Failed to read DnsConfig.
[0216/105017:WARNING:dns_config_service_win.cc(599)] Failed to read DnsConfig.
[0216/105022:WARNING:dns_config_service_win.cc(599)] Failed to read DnsConfig.
[0216/105027:WARNING:dns_config_service_win.cc(599)] Failed to read DnsConfig.
[0216/105032:WARNING:dns_config_service_win.cc(599)] Failed to read DnsConfig.
[0216/105037:WARNING:dns_config_service_win.cc(599)] Failed to read DnsConfig.
[0216/105042:WARNING:dns_config_service_win.cc(599)] Failed to read DnsConfig.
[0216/105047:WARNING:dns_config_service_win.cc(599)] Failed to read DnsConfig.
[0216/105052:WARNING:dns_config_service_win.cc(599)] Failed to read DnsConfig.
[0216/105057:WARNING:dns_config_service_win.cc(599)] Failed to read DnsConfig.
[0216/105102:WARNING:dns_config_service_win.cc(599)] Failed to read DnsConfig.
[0216/105107:WARNING:dns_config_service_win.cc(599)] Failed to read DnsConfig.
[0216/105112:WARNING:dns_config_service_win.cc(599)] Failed to read DnsConfig.
[0216/105117:WARNING:dns_config_service_win.cc(599)] Failed to read DnsConfig.
[0216/105122:WARNING:dns_config_service_win.cc(599)] Failed to read DnsConfig.
[0216/105127:WARNING:dns_config_service_win.cc(599)] Failed to read DnsConfig.
[0216/105132:WARNING:dns_config_service_win.cc(599)] Failed to read DnsConfig.
[0216/105137:WARNING:dns_config_service_win.cc(599)] Failed to read DnsConfig.
[0216/105142:WARNING:dns_config_service_win.cc(599)] Failed to read DnsConfig.
[0216/105147:WARNING:dns_config_service_win.cc(599)] Failed to read DnsConfig.
[0216/105152:WARNING:dns_config_service_win.cc(599)] Failed to read DnsConfig.
[0216/105157:WARNING:dns_config_service_win.cc(599)] Failed to read DnsConfig.
[0216/105202:WARNING:dns_config_service_win.cc(599)] Failed to read DnsConfig.
[0216/105207:WARNING:dns_config_service_win.cc(599)] Failed to read DnsConfig.
[0216/105212:WARNING:dns_config_service_win.cc(599)] Failed to read DnsConfig.
[0216/105217:WARNING:dns_config_service_win.cc(599)] Failed to read DnsConfig.
[0216/105222:WARNING:dns_config_service_win.cc(599)] Failed to read DnsConfig.
[0216/105227:WARNING:dns_config_service_win.cc(599)] Failed to read DnsConfig.
[0216/105232:WARNING:dns_config_service_win.cc(599)] Failed to read DnsConfig.
[0216/105237:WARNING:dns_config_service_win.cc(599)] Failed to read DnsConfig.
[0216/105242:WARNING:dns_config_service_win.cc(599)] Failed to read DnsConfig.
[0216/105247:WARNING:dns_config_service_win.cc(599)] Failed to read DnsConfig.
[0216/105252:WARNING:dns_config_service_win.cc(599)] Failed to read DnsConfig.
[0216/105257:WARNING:dns_config_service_win.cc(599)] Failed to read DnsConfig.
[0216/105302:WARNING:dns_config_service_win.cc(599)] Failed to read DnsConfig.
[0216/105307:WARNING:dns_config_service_win.cc(599)] Failed to read DnsConfig.
[0216/105312:WARNING:dns_config_service_win.cc(599)] Failed to read DnsConfig.
[0216/105317:WARNING:dns_config_service_win.cc(599)] Failed to read DnsConfig.
[0216/105322:WARNING:dns_config_service_win.cc(599)] Failed to read DnsConfig.
[0216/105327:WARNING:dns_config_service_win.cc(599)] Failed to read DnsConfig.
[0216/105332:WARNING:dns_config_service_win.cc(599)] Failed to read DnsConfig.
[0216/105337:WARNING:dns_config_service_win.cc(599)] Failed to read DnsConfig.
[0216/105342:WARNING:dns_config_service_win.cc(599)] Failed to read DnsConfig.
[0216/105347:WARNING:dns_config_service_win.cc(599)] Failed to read DnsConfig.
[0216/105352:WARNING:dns_config_service_win.cc(599)] Failed to read DnsConfig.
[0216/105357:WARNING:dns_config_service_win.cc(599)] Failed to read DnsConfig.
[0216/105402:WARNING:dns_config_service_win.cc(599)] Failed to read DnsConfig.
[0216/105407:WARNING:dns_config_service_win.cc(599)] Failed to read DnsConfig.
[0216/105412:WARNING:dns_config_service_win.cc(599)] Failed to read DnsConfig.
[0216/105417:WARNING:dns_config_service_win.cc(599)] Failed to read DnsConfig.
[0216/105422:WARNING:dns_config_service_win.cc(599)] Failed to read DnsConfig.
[0216/105427:WARNING:dns_config_service_win.cc(599)] Failed to read DnsConfig.
[0216/105432:WARNING:dns_config_service_win.cc(599)] Failed to read DnsConfig.
[0216/105437:WARNING:dns_config_service_win.cc(599)] Failed to read DnsConfig.
[0216/105442:WARNING:dns_config_service_win.cc(599)] Failed to read DnsConfig.
[0216/105447:WARNING:dns_config_service_win.cc(599)] Failed to read DnsConfig.
[0216/105452:WARNING:dns_config_service_win.cc(599)] Failed to read DnsConfig.
[0216/105457:WARNING:dns_config_service_win.cc(599)] Failed to read DnsConfig.
[0216/105502:WARNING:dns_config_service_win.cc(599)] Failed to read DnsConfig.
[0216/105507:WARNING:dns_config_service_win.cc(599)] Failed to read DnsConfig.
[0216/105512:WARNING:dns_config_service_win.cc(599)] Failed to read DnsConfig.
[0216/105517:WARNING:dns_config_service_win.cc(599)] Failed to read DnsConfig.
[0216/105522:WARNING:dns_config_service_win.cc(599)] Failed to read DnsConfig.
[0216/105527:WARNING:dns_config_service_win.cc(599)] Failed to read DnsConfig.
[0216/105532:WARNING:dns_config_service_win.cc(599)] Failed to read DnsConfig.
[0216/105537:WARNING:dns_config_service_win.cc(599)] Failed to read DnsConfig.
[0216/105542:WARNING:dns_config_service_win.cc(599)] Failed to read DnsConfig.
[0216/105547:WARNING:dns_config_service_win.cc(599)] Failed to read DnsConfig.
[0216/105552:WARNING:dns_config_service_win.cc(599)] Failed to read DnsConfig.
[0216/105557:WARNING:dns_config_service_win.cc(599)] Failed to read DnsConfig.
[0216/105602:WARNING:dns_config_service_win.cc(599)] Failed to read DnsConfig.
[0216/105607:WARNING:dns_config_service_win.cc(599)] Failed to read DnsConfig.
[0216/105612:WARNING:dns_config_service_win.cc(599)] Failed to read DnsConfig.
[0216/105617:WARNING:dns_config_service_win.cc(599)] Failed to read DnsConfig.
[0216/105622:WARNING:dns_config_service_win.cc(599)] Failed to read DnsConfig.
[0216/105627:WARNING:dns_config_service_win.cc(599)] Failed to read DnsConfig.
[0216/105632:WARNING:dns_config_service_win.cc(599)] Failed to read DnsConfig.
[0216/105637:WARNING:dns_config_service_win.cc(599)] Failed to read DnsConfig.
[0216/105642:WARNING:dns_config_service_win.cc(599)] Failed to read DnsConfig.
[0216/105647:WARNING:dns_config_service_win.cc(599)] Failed to read DnsConfig.
[0216/105652:WARNING:dns_config_service_win.cc(599)] Failed to read DnsConfig.
[0216/105657:WARNING:dns_config_service_win.cc(599)] Failed to read DnsConfig.
[0216/105702:WARNING:dns_config_service_win.cc(599)] Failed to read DnsConfig.
[0216/105707:WARNING:dns_config_service_win.cc(599)] Failed to read DnsConfig.
[0216/105712:WARNING:dns_config_service_win.cc(599)] Failed to read DnsConfig.
[0216/105717:WARNING:dns_config_service_win.cc(599)] Failed to read DnsConfig.
[0216/105722:WARNING:dns_config_service_win.cc(599)] Failed to read DnsConfig.
[0216/105727:WARNING:dns_config_service_win.cc(599)] Failed to read DnsConfig.
[0216/105732:WARNING:dns_config_service_win.cc(599)] Failed to read DnsConfig.
[0216/105737:WARNING:dns_config_service_win.cc(599)] Failed to read DnsConfig.
[0216/105742:WARNING:dns_config_service_win.cc(599)] Failed to read DnsConfig.
[0216/105747:WARNING:dns_config_service_win.cc(599)] Failed to read DnsConfig.
[0216/105752:WARNING:dns_config_service_win.cc(599)] Failed to read DnsConfig.
[0216/105757:WARNING:dns_config_service_win.cc(599)] Failed to read DnsConfig.
[0216/105802:WARNING:dns_config_service_win.cc(599)] Failed to read DnsConfig.
[0216/105807:WARNING:dns_config_service_win.cc(599)] Failed to read DnsConfig.
[0216/105812:WARNING:dns_config_service_win.cc(599)] Failed to read DnsConfig.
[0216/105817:WARNING:dns_config_service_win.cc(599)] Failed to read DnsConfig.
[0216/105822:WARNING:dns_config_service_win.cc(599)] Failed to read DnsConfig.
[0216/105827:WARNING:dns_config_service_win.cc(599)] Failed to read DnsConfig.
[0216/105832:WARNING:dns_config_service_win.cc(599)] Failed to read DnsConfig.
[0216/105837:WARNING:dns_config_service_win.cc(599)] Failed to read DnsConfig.
[0216/105842:WARNING:dns_config_service_win.cc(599)] Failed to read DnsConfig.
[0216/105847:WARNING:dns_config_service_win.cc(599)] Failed to read DnsConfig.
[0216/105852:WARNING:dns_config_service_win.cc(599)] Failed to read DnsConfig.
[0216/105857:WARNING:dns_config_service_win.cc(599)] Failed to read DnsConfig.
[0216/105902:WARNING:dns_config_service_win.cc(599)] Failed to read DnsConfig.
[0216/105907:WARNING:dns_config_service_win.cc(599)] Failed to read DnsConfig.
[0216/105912:WARNING:dns_config_service_win.cc(599)] Failed to read DnsConfig.
[0216/105917:WARNING:dns_config_service_win.cc(599)] Failed to read DnsConfig.
[0216/105922:WARNING:dns_config_service_win.cc(599)] Failed to read DnsConfig.
[0216/105927:WARNING:dns_config_service_win.cc(599)] Failed to read DnsConfig.
[0216/105932:WARNING:dns_config_service_win.cc(599)] Failed to read DnsConfig.
[0216/105937:WARNING:dns_config_service_win.cc(599)] Failed to read DnsConfig.
[0216/105942:WARNING:dns_config_service_win.cc(599)] Failed to read DnsConfig.
[0216/105947:WARNING:dns_config_service_win.cc(599)] Failed to read DnsConfig.
[0216/105952:WARNING:dns_config_service_win.cc(599)] Failed to read DnsConfig.
[0216/105957:WARNING:dns_config_service_win.cc(599)] Failed to read DnsConfig.
[0216/110002:WARNING:dns_config_service_win.cc(599)] Failed to read DnsConfig.
[0216/110007:WARNING:dns_config_service_win.cc(599)] Failed to read DnsConfig.
[0216/110012:WARNING:dns_config_service_win.cc(599)] Failed to read DnsConfig.
[0216/110017:WARNING:dns_config_service_win.cc(599)] Failed to read DnsConfig.
[0216/110022:WARNING:dns_config_service_win.cc(599)] Failed to read DnsConfig.
[0216/110027:WARNING:dns_config_service_win.cc(599)] Failed to read DnsConfig.
[0216/110032:WARNING:dns_config_service_win.cc(599)] Failed to read DnsConfig.
[0216/110037:WARNING:dns_config_service_win.cc(599)] Failed to read DnsConfig.
[0216/110042:WARNING:dns_config_service_win.cc(599)] Failed to read DnsConfig.
[0216/110047:WARNING:dns_config_service_win.cc(599)] Failed to read DnsConfig.
[0216/110052:WARNING:dns_config_service_win.cc(599)] Failed to read DnsConfig.
[0216/110057:WARNING:dns_config_service_win.cc(599)] Failed to read DnsConfig.
[0216/110102:WARNING:dns_config_service_win.cc(599)] Failed to read DnsConfig.
[0216/110107:WARNING:dns_config_service_win.cc(599)] Failed to read DnsConfig.
[0216/110112:WARNING:dns_config_service_win.cc(599)] Failed to read DnsConfig.
[0216/110117:WARNING:dns_config_service_win.cc(599)] Failed to read DnsConfig.
[0216/110122:WARNING:dns_config_service_win.cc(599)] Failed to read DnsConfig.
[0216/110127:WARNING:dns_config_service_win.cc(599)] Failed to read DnsConfig.
[0216/110132:WARNING:dns_config_service_win.cc(599)] Failed to read DnsConfig.
[0216/110137:WARNING:dns_config_service_win.cc(599)] Failed to read DnsConfig.
[0216/110142:WARNING:dns_config_service_win.cc(599)] Failed to read DnsConfig.
[0216/110147:WARNING:dns_config_service_win.cc(599)] Failed to read DnsConfig.
[0216/110152:WARNING:dns_config_service_win.cc(599)] Failed to read DnsConfig.
[0216/110157:WARNING:dns_config_service_win.cc(599)] Failed to read DnsConfig.
[0216/110202:WARNING:dns_config_service_win.cc(599)] Failed to read DnsConfig.
[0216/110207:WARNING:dns_config_service_win.cc(599)] Failed to read DnsConfig.
[0216/110212:WARNING:dns_config_service_win.cc(599)] Failed to read DnsConfig.
[0216/110217:WARNING:dns_config_service_win.cc(599)] Failed to read DnsConfig.
[0216/110222:WARNING:dns_config_service_win.cc(599)] Failed to read DnsConfig.
[0216/110227:WARNING:dns_config_service_win.cc(599)] Failed to read DnsConfig.
[0216/110232:WARNING:dns_config_service_win.cc(599)] Failed to read DnsConfig.
[0216/110237:WARNING:dns_config_service_win.cc(599)] Failed to read DnsConfig.
[0216/110242:WARNING:dns_config_service_win.cc(599)] Failed to read DnsConfig.
[0216/110247:WARNING:dns_config_service_win.cc(599)] Failed to read DnsConfig.
[0216/110252:WARNING:dns_config_service_win.cc(599)] Failed to read DnsConfig.
[0216/110257:WARNING:dns_config_service_win.cc(599)] Failed to read DnsConfig.
[0216/110302:WARNING:dns_config_service_win.cc(599)] Failed to read DnsConfig.
[0216/110307:WARNING:dns_config_service_win.cc(599)] Failed to read DnsConfig.
[0216/110312:WARNING:dns_config_service_win.cc(599)] Failed to read DnsConfig.
[0216/110318:WARNING:dns_config_service_win.cc(599)] Failed to read DnsConfig.
[0216/110323:WARNING:dns_config_service_win.cc(599)] Failed to read DnsConfig.
[0216/110328:WARNING:dns_config_service_win.cc(599)] Failed to read DnsConfig.
[0216/110333:WARNING:dns_config_service_win.cc(599)] Failed to read DnsConfig.
[0216/110338:WARNING:dns_config_service_win.cc(599)] Failed to read DnsConfig.
[0216/110343:WARNING:dns_config_service_win.cc(599)] Failed to read DnsConfig.
[0216/110348:WARNING:dns_config_service_win.cc(599)] Failed to read DnsConfig.
[0216/110353:WARNING:dns_config_service_win.cc(599)] Failed to read DnsConfig.
[0216/110358:WARNING:dns_config_service_win.cc(599)] Failed to read DnsConfig.
[0216/110403:WARNING:dns_config_service_win.cc(599)] Failed to read DnsConfig.
[0216/110408:WARNING:dns_config_service_win.cc(599)] Failed to read DnsConfig.
[0216/110413:WARNING:dns_config_service_win.cc(599)] Failed to read DnsConfig.
[0216/110418:WARNING:dns_config_service_win.cc(599)] Failed to read DnsConfig.
[0216/110423:WARNING:dns_config_service_win.cc(599)] Failed to read DnsConfig.
[0216/110428:WARNING:dns_config_service_win.cc(599)] Failed to read DnsConfig.
[0216/110433:WARNING:dns_config_service_win.cc(599)] Failed to read DnsConfig.
[0216/110438:WARNING:dns_config_service_win.cc(599)] Failed to read DnsConfig.
[0216/110443:WARNING:dns_config_service_win.cc(599)] Failed to read DnsConfig.
[0216/110448:WARNING:dns_config_service_win.cc(599)] Failed to read DnsConfig.
[0216/110453:WARNING:dns_config_service_win.cc(599)] Failed to read DnsConfig.
[0216/110458:WARNING:dns_config_service_win.cc(599)] Failed to read DnsConfig.
[0216/110503:WARNING:dns_config_service_win.cc(599)] Failed to read DnsConfig.
[0216/110508:WARNING:dns_config_service_win.cc(599)] Failed to read DnsConfig.
[0216/110513:WARNING:dns_config_service_win.cc(599)] Failed to read DnsConfig.
[0216/110518:WARNING:dns_config_service_win.cc(599)] Failed to read DnsConfig.
[0216/110523:WARNING:dns_config_service_win.cc(599)] Failed to read DnsConfig.
[0216/110528:WARNING:dns_config_service_win.cc(599)] Failed to read DnsConfig.
[0216/110533:WARNING:dns_config_service_win.cc(599)] Failed to read DnsConfig.
[0216/110538:WARNING:dns_config_service_win.cc(599)] Failed to read DnsConfig.
[0216/110543:WARNING:dns_config_service_win.cc(599)] Failed to read DnsConfig.
[0216/110548:WARNING:dns_config_service_win.cc(599)] Failed to read DnsConfig.
[0216/110553:WARNING:dns_config_service_win.cc(599)] Failed to read DnsConfig.
[0216/110558:WARNING:dns_config_service_win.cc(599)] Failed to read DnsConfig.
[0216/110603:WARNING:dns_config_service_win.cc(599)] Failed to read DnsConfig.
[0216/110608:WARNING:dns_config_service_win.cc(599)] Failed to read DnsConfig.
[0216/110613:WARNING:dns_config_service_win.cc(599)] Failed to read DnsConfig.
[0216/110618:WARNING:dns_config_service_win.cc(599)] Failed to read DnsConfig.
[0216/110623:WARNING:dns_config_service_win.cc(599)] Failed to read DnsConfig.
[0216/110628:WARNING:dns_config_service_win.cc(599)] Failed to read DnsConfig.
[0216/110633:WARNING:dns_config_service_win.cc(599)] Failed to read DnsConfig.
[0216/110638:WARNING:dns_config_service_win.cc(599)] Failed to read DnsConfig.
[0216/110643:WARNING:dns_config_service_win.cc(599)] Failed to read DnsConfig.
[0216/110648:WARNING:dns_config_service_win.cc(599)] Failed to read DnsConfig.
[0216/110653:WARNING:dns_config_service_win.cc(599)] Failed to read DnsConfig.
[0216/110658:WARNING:dns_config_service_win.cc(599)] Failed to read DnsConfig.
[0216/110703:WARNING:dns_config_service_win.cc(599)] Failed to read DnsConfig.
[0216/110708:WARNING:dns_config_service_win.cc(599)] Failed to read DnsConfig.
[0216/110713:WARNING:dns_config_service_win.cc(599)] Failed to read DnsConfig.
[0216/110718:WARNING:dns_config_service_win.cc(599)] Failed to read DnsConfig.
[0216/110723:WARNING:dns_config_service_win.cc(599)] Failed to read DnsConfig.
[0216/110728:WARNING:dns_config_service_win.cc(599)] Failed to read DnsConfig.
[0216/110733:WARNING:dns_config_service_win.cc(599)] Failed to read DnsConfig.
[0216/110738:WARNING:dns_config_service_win.cc(599)] Failed to read DnsConfig.
[0216/110743:WARNING:dns_config_service_win.cc(599)] Failed to read DnsConfig.
[0216/110748:WARNING:dns_config_service_win.cc(599)] Failed to read DnsConfig.
[0216/110753:WARNING:dns_config_service_win.cc(599)] Failed to read DnsConfig.
[0216/110758:WARNING:dns_config_service_win.cc(599)] Failed to read DnsConfig.
[0216/110803:WARNING:dns_config_service_win.cc(599)] Failed to read DnsConfig.
[0216/110808:WARNING:dns_config_service_win.cc(599)] Failed to read DnsConfig.
[0216/110813:WARNING:dns_config_service_win.cc(599)] Failed to read DnsConfig.
[0216/110818:WARNING:dns_config_service_win.cc(599)] Failed to read DnsConfig.
[0216/110823:WARNING:dns_config_service_win.cc(599)] Failed to read DnsConfig.
[0216/110828:WARNING:dns_config_service_win.cc(599)] Failed to read DnsConfig.
[0216/110833:WARNING:dns_config_service_win.cc(599)] Failed to read DnsConfig.
[0216/110838:WARNING:dns_config_service_win.cc(599)] Failed to read DnsConfig.
[0216/110843:WARNING:dns_config_service_win.cc(599)] Failed to read DnsConfig.
[0216/110848:WARNING:dns_config_service_win.cc(599)] Failed to read DnsConfig.
[0216/110853:WARNING:dns_config_service_win.cc(599)] Failed to read DnsConfig.
[0216/110858:WARNING:dns_config_service_win.cc(599)] Failed to read DnsConfig.
[0216/110903:WARNING:dns_config_service_win.cc(599)] Failed to read DnsConfig.
[0216/110908:WARNING:dns_config_service_win.cc(599)] Failed to read DnsConfig.
[0216/110913:WARNING:dns_config_service_win.cc(599)] Failed to read DnsConfig.
[0216/110918:WARNING:dns_config_service_win.cc(599)] Failed to read DnsConfig.
[0216/110923:WARNING:dns_config_service_win.cc(599)] Failed to read DnsConfig.
[0216/110928:WARNING:dns_config_service_win.cc(599)] Failed to read DnsConfig.
[0216/110933:WARNING:dns_config_service_win.cc(599)] Failed to read DnsConfig.
[0216/110938:WARNING:dns_config_service_win.cc(599)] Failed to read DnsConfig.
[0216/110943:WARNING:dns_config_service_win.cc(599)] Failed to read DnsConfig.
[0216/110948:WARNING:dns_config_service_win.cc(599)] Failed to read DnsConfig.
[0216/110953:WARNING:dns_config_service_win.cc(599)] Failed to read DnsConfig.
[0216/110958:WARNING:dns_config_service_win.cc(599)] Failed to read DnsConfig.
[0216/110959:INFO:CONSOLE(1)] "ReferenceError: EdgeDOM is not defined
    at eval (eval at <anonymous> (about:blank:0:45), <anonymous>:1:7)
    at about:blank:0:47", source:  (1)
[0217/163521:WARNING:dns_config_service_win.cc(599)] Failed to read DnsConfig.
[0217/163522:INFO:dhcp_proxy_script_adapter_fetcher_win.cc(267)] Error fetching PAC URL from DHCP: 2
[0217/163522:INFO:dhcp_proxy_script_adapter_fetcher_win.cc(267)] Error fetching PAC URL from DHCP: 2
[0217/163524:ERROR:gles2_cmd_decoder.cc(5484)] .SharedGraphicsContext: GL ERROR :GL_INVALID_VALUE : glTexParameteri: unknown texture
[0217/163526:WARNING:dns_config_service_win.cc(599)] Failed to read DnsConfig.
[0217/163530:INFO:dhcp_proxy_script_adapter_fetcher_win.cc(267)] Error fetching PAC URL from DHCP: 2
[0217/163530:INFO:dhcp_proxy_script_adapter_fetcher_win.cc(267)] Error fetching PAC URL from DHCP: 2
[0217/163531:WARNING:dns_config_service_win.cc(599)] Failed to read DnsConfig.
[0217/163536:WARNING:dns_config_service_win.cc(599)] Failed to read DnsConfig.
[0217/163541:WARNING:dns_config_service_win.cc(599)] Failed to read DnsConfig.
[0217/163546:WARNING:dns_config_service_win.cc(599)] Failed to read DnsConfig.
[0217/163551:WARNING:dns_config_service_win.cc(599)] Failed to read DnsConfig.
[0217/163556:WARNING:dns_config_service_win.cc(599)] Failed to read DnsConfig.
[0217/163601:WARNING:dns_config_service_win.cc(599)] Failed to read DnsConfig.
[0217/163606:WARNING:dns_config_service_win.cc(599)] Failed to read DnsConfig.
[0217/163611:INFO:dhcp_proxy_script_adapter_fetcher_win.cc(267)] Error fetching PAC URL from DHCP: 2
[0217/163611:INFO:dhcp_proxy_script_adapter_fetcher_win.cc(267)] Error fetching PAC URL from DHCP: 2
[0217/163611:WARNING:dns_config_service_win.cc(599)] Failed to read DnsConfig.
[0217/163615:INFO:CONSOLE(1)] "ReferenceError: EdgeDOM is not defined
    at eval (eval at <anonymous> (about:blank:0:45), <anonymous>:1:7)
    at about:blank:0:45", source:  (1)
[0217/163616:WARNING:dns_config_service_win.cc(599)] Failed to read DnsConfig.
